Arguments: 
  /home/embed/.nvm/versions/node/v16.13.1/bin/node /home/embed/.nvm/versions/node/v16.13.1/bin/yarn add express ejs express-ejs-layout

PATH: 
  /home/embed/.nvm/versions/node/v16.13.1/bin:/usr/local/sbin:/usr/local/bin:/usr/sbin:/usr/bin:/sbin:/bin:/usr/games:/usr/local/games:/snap/bin

Yarn version: 
  1.22.17

Node version: 
  16.13.1

Platform: 
  linux x64

Trace: 
  Error: https://registry.yarnpkg.com/express-ejs-layout: Not found
      at Request.params.callback [as _callback] (/home/embed/.nvm/versions/node/v16.13.1/lib/node_modules/yarn/lib/cli.js:67029:18)
      at Request.self.callback (/home/embed/.nvm/versions/node/v16.13.1/lib/node_modules/yarn/lib/cli.js:140883:22)
      at Request.emit (node:events:390:28)
      at Request.<anonymous> (/home/embed/.nvm/versions/node/v16.13.1/lib/node_modules/yarn/lib/cli.js:141855:10)
      at Request.emit (node:events:390:28)
      at IncomingMessage.<anonymous> (/home/embed/.nvm/versions/node/v16.13.1/lib/node_modules/yarn/lib/cli.js:141777:12)
      at Object.onceWrapper (node:events:509:28)
      at IncomingMessage.emit (node:events:402:35)
      at endReadableNT (node:internal/streams/readable:1343:12)
      at processTicksAndRejections (node:internal/process/task_queues:83:21)

npm manifest: 
  {
    "name": "PizzaProject",
    "version": "1.0.0",
    "description": "This is realtime pizza app",
    "main": "index.js",
    "author": "Ashish",
    "license": "MIT"
  }

yarn manifest: 
  No manifest

Lockfile: 
  No lockfile
